2025-11-26 18:56:16 [ERROR] : ERROR: Auth Middleware.
2025-11-26 18:56:16 [ERROR] : TokenExpiredError: jwt expired
    at D:\HealthHub\Backend\node_modules\jsonwebtoken\verify.js:190:21
    at getSecret (D:\HealthHub\Backend\node_modules\jsonwebtoken\verify.js:97:14)
    at Object.module.exports [as verify] (D:\HealthHub\Backend\node_modules\jsonwebtoken\verify.js:101:10)
    at TokenService.verifyAccessToken (D:\HealthHub\Backend\src\application\services\tokenService.ts:30:16)
    at D:\HealthHub\Backend\src\presentation\middlewares\authMiddleware.ts:19:35
    at Layer.handleRequest (D:\HealthHub\Backend\node_modules\router\lib\layer.js:152:17)
    at next (D:\HealthHub\Backend\node_modules\router\lib\route.js:157:13)
    at Route.dispatch (D:\HealthHub\Backend\node_modules\router\lib\route.js:117:3)
    at handle (D:\HealthHub\Backend\node_modules\router\index.js:435:11)
    at Layer.handleRequest (D:\HealthHub\Backend\node_modules\router\lib\layer.js:152:17)
2025-11-26 18:56:16 [ERROR] : ERROR: Auth Middleware.
2025-11-26 18:56:16 [ERROR] : TokenExpiredError: jwt expired
    at D:\HealthHub\Backend\node_modules\jsonwebtoken\verify.js:190:21
    at getSecret (D:\HealthHub\Backend\node_modules\jsonwebtoken\verify.js:97:14)
    at Object.module.exports [as verify] (D:\HealthHub\Backend\node_modules\jsonwebtoken\verify.js:101:10)
    at TokenService.verifyAccessToken (D:\HealthHub\Backend\src\application\services\tokenService.ts:30:16)
    at D:\HealthHub\Backend\src\presentation\middlewares\authMiddleware.ts:19:35
    at Layer.handleRequest (D:\HealthHub\Backend\node_modules\router\lib\layer.js:152:17)
    at next (D:\HealthHub\Backend\node_modules\router\lib\route.js:157:13)
    at Route.dispatch (D:\HealthHub\Backend\node_modules\router\lib\route.js:117:3)
    at handle (D:\HealthHub\Backend\node_modules\router\index.js:435:11)
    at Layer.handleRequest (D:\HealthHub\Backend\node_modules\router\lib\layer.js:152:17)
2025-11-26 19:01:25 [ERROR] : ERROR: Auth Middleware.
2025-11-26 19:01:25 [ERROR] : TokenExpiredError: jwt expired
    at D:\HealthHub\Backend\node_modules\jsonwebtoken\verify.js:190:21
    at getSecret (D:\HealthHub\Backend\node_modules\jsonwebtoken\verify.js:97:14)
    at Object.module.exports [as verify] (D:\HealthHub\Backend\node_modules\jsonwebtoken\verify.js:101:10)
    at TokenService.verifyAccessToken (D:\HealthHub\Backend\src\application\services\tokenService.ts:30:16)
    at D:\HealthHub\Backend\src\presentation\middlewares\authMiddleware.ts:19:35
    at Layer.handleRequest (D:\HealthHub\Backend\node_modules\router\lib\layer.js:152:17)
    at next (D:\HealthHub\Backend\node_modules\router\lib\route.js:157:13)
    at Route.dispatch (D:\HealthHub\Backend\node_modules\router\lib\route.js:117:3)
    at handle (D:\HealthHub\Backend\node_modules\router\index.js:435:11)
    at Layer.handleRequest (D:\HealthHub\Backend\node_modules\router\lib\layer.js:152:17)
2025-11-26 19:01:25 [ERROR] : ERROR: Auth Middleware.
2025-11-26 19:01:25 [ERROR] : TokenExpiredError: jwt expired
    at D:\HealthHub\Backend\node_modules\jsonwebtoken\verify.js:190:21
    at getSecret (D:\HealthHub\Backend\node_modules\jsonwebtoken\verify.js:97:14)
    at Object.module.exports [as verify] (D:\HealthHub\Backend\node_modules\jsonwebtoken\verify.js:101:10)
    at TokenService.verifyAccessToken (D:\HealthHub\Backend\src\application\services\tokenService.ts:30:16)
    at D:\HealthHub\Backend\src\presentation\middlewares\authMiddleware.ts:19:35
    at Layer.handleRequest (D:\HealthHub\Backend\node_modules\router\lib\layer.js:152:17)
    at next (D:\HealthHub\Backend\node_modules\router\lib\route.js:157:13)
    at Route.dispatch (D:\HealthHub\Backend\node_modules\router\lib\route.js:117:3)
    at handle (D:\HealthHub\Backend\node_modules\router\index.js:435:11)
    at Layer.handleRequest (D:\HealthHub\Backend\node_modules\router\lib\layer.js:152:17)
2025-11-26 19:04:35 [ERROR] : ERROR: Admin Controller - editSpecialization
2025-11-26 19:04:35 [ERROR] : Invalid data.
2025-11-26 19:04:42 [ERROR] : ERROR: Admin Controller - editSpecialization
2025-11-26 19:04:42 [ERROR] : Invalid data.
2025-11-26 19:15:47 [ERROR] : ERROR: Auth Middleware.
2025-11-26 19:15:47 [ERROR] : TokenExpiredError: jwt expired
    at D:\HealthHub\Backend\node_modules\jsonwebtoken\verify.js:190:21
    at getSecret (D:\HealthHub\Backend\node_modules\jsonwebtoken\verify.js:97:14)
    at Object.module.exports [as verify] (D:\HealthHub\Backend\node_modules\jsonwebtoken\verify.js:101:10)
    at TokenService.verifyAccessToken (D:\HealthHub\Backend\src\application\services\tokenService.ts:30:16)
    at D:\HealthHub\Backend\src\presentation\middlewares\authMiddleware.ts:19:35
    at Layer.handleRequest (D:\HealthHub\Backend\node_modules\router\lib\layer.js:152:17)
    at next (D:\HealthHub\Backend\node_modules\router\lib\route.js:157:13)
    at Route.dispatch (D:\HealthHub\Backend\node_modules\router\lib\route.js:117:3)
    at handle (D:\HealthHub\Backend\node_modules\router\index.js:435:11)
    at Layer.handleRequest (D:\HealthHub\Backend\node_modules\router\lib\layer.js:152:17)
2025-11-26 19:15:47 [ERROR] : ERROR: Auth Middleware.
2025-11-26 19:15:47 [ERROR] : TokenExpiredError: jwt expired
    at D:\HealthHub\Backend\node_modules\jsonwebtoken\verify.js:190:21
    at getSecret (D:\HealthHub\Backend\node_modules\jsonwebtoken\verify.js:97:14)
    at Object.module.exports [as verify] (D:\HealthHub\Backend\node_modules\jsonwebtoken\verify.js:101:10)
    at TokenService.verifyAccessToken (D:\HealthHub\Backend\src\application\services\tokenService.ts:30:16)
    at D:\HealthHub\Backend\src\presentation\middlewares\authMiddleware.ts:19:35
    at Layer.handleRequest (D:\HealthHub\Backend\node_modules\router\lib\layer.js:152:17)
    at next (D:\HealthHub\Backend\node_modules\router\lib\route.js:157:13)
    at Route.dispatch (D:\HealthHub\Backend\node_modules\router\lib\route.js:117:3)
    at handle (D:\HealthHub\Backend\node_modules\router\index.js:435:11)
    at Layer.handleRequest (D:\HealthHub\Backend\node_modules\router\lib\layer.js:152:17)
2025-11-29 10:31:37 [ERROR] : ERROR: User Auth controller - login
2025-11-29 10:31:37 [ERROR] : User is blocked.
2025-11-29 12:04:59 [ERROR] : ERROR: Auth Middleware.
2025-11-29 12:04:59 [ERROR] : TokenExpiredError: jwt expired
    at D:\HealthHub\Backend\node_modules\jsonwebtoken\verify.js:190:21
    at getSecret (D:\HealthHub\Backend\node_modules\jsonwebtoken\verify.js:97:14)
    at Object.module.exports [as verify] (D:\HealthHub\Backend\node_modules\jsonwebtoken\verify.js:101:10)
    at TokenService.verifyAccessToken (D:\HealthHub\Backend\src\application\services\tokenService.ts:30:16)
    at D:\HealthHub\Backend\src\presentation\middlewares\authMiddleware.ts:19:35
    at Layer.handleRequest (D:\HealthHub\Backend\node_modules\router\lib\layer.js:152:17)
    at next (D:\HealthHub\Backend\node_modules\router\lib\route.js:157:13)
    at Route.dispatch (D:\HealthHub\Backend\node_modules\router\lib\route.js:117:3)
    at handle (D:\HealthHub\Backend\node_modules\router\index.js:435:11)
    at Layer.handleRequest (D:\HealthHub\Backend\node_modules\router\lib\layer.js:152:17)
2025-11-29 12:04:59 [ERROR] : ERROR: User controller - saveProfileStage1
2025-11-29 12:04:59 [ERROR] : Invalid data.
2025-11-29 12:05:15 [ERROR] : ERROR: User controller - saveProfileStage1
2025-11-29 12:05:15 [ERROR] : Invalid data.
2025-11-29 12:05:24 [ERROR] : ERROR: User controller - saveProfileStage1
2025-11-29 12:05:24 [ERROR] : Invalid data.
2025-11-29 12:05:32 [ERROR] : ERROR: User controller - saveProfileStage1
2025-11-29 12:05:33 [ERROR] : Invalid data.
2025-11-29 12:05:42 [ERROR] : ERROR: User controller - saveProfileStage1
2025-11-29 12:05:42 [ERROR] : Invalid data.
